Started GET "/" for ::1 at 2016-10-11 12:47:35 -0600
Started GET "/" for ::1 at 2016-10-11 12:47:36 -0600
Processing by HomeController#index as HTML
Processing by HomeController#index as HTML
  Rendering home/index.html.erb within layouts/application
  Rendering home/index.html.erb within layouts/application
  Rendered home/index.html.erb within layouts/application (4.0ms)
  Rendered home/index.html.erb within layouts/application (0.1ms)
Completed 200 OK in 920ms (Views: 912.5ms | ActiveRecord: 0.0ms)


Completed 200 OK in 937ms (Views: 934.8ms | ActiveRecord: 0.0ms)


Started GET "/" for ::1 at 2016-10-11 12:51:13 -0600
Processing by HomeController#index as HTML
  Rendering home/index.html.erb within layouts/application
  Rendered home/index.html.erb within layouts/application (1.6ms)
Completed 200 OK in 356ms (Views: 353.1ms | ActiveRecord: 0.0ms)


Started GET "/" for ::1 at 2016-10-11 12:52:02 -0600
Processing by HomeController#index as HTML
  Rendering home/index.html.erb within layouts/application
  Rendered home/index.html.erb within layouts/application (1.7ms)
Completed 200 OK in 28ms (Views: 27.0ms | ActiveRecord: 0.0ms)


Started GET "/" for ::1 at 2016-10-11 12:53:01 -0600
Processing by HomeController#index as HTML
  Rendering home/index.html.erb within layouts/application
  Rendered home/index.html.erb within layouts/application (0.7ms)
Completed 200 OK in 32ms (Views: 29.7ms | ActiveRecord: 0.0ms)


Started GET "/" for ::1 at 2016-10-11 12:53:16 -0600
Processing by HomeController#index as HTML
  Rendering home/index.html.erb within layouts/application
  Rendered home/index.html.erb within layouts/application (0.5ms)
Completed 200 OK in 24ms (Views: 19.1ms | ActiveRecord: 0.0ms)


Started GET "/" for ::1 at 2016-10-14 13:44:42 -0600
Processing by HomeController#index as HTML
  Rendering home/index.html.erb within layouts/application
  Rendered home/index.html.erb within layouts/application (1.5ms)
Completed 200 OK in 257ms (Views: 255.2ms | ActiveRecord: 0.0ms)


Started GET "/" for ::1 at 2016-10-21 14:52:07 -0600
Processing by HomeController#index as HTML
  Rendering home/index.html.erb within layouts/application
  Rendered home/index.html.erb within layouts/application (2.5ms)
Completed 200 OK in 544ms (Views: 541.5ms | ActiveRecord: 0.0ms)


Started GET "/" for ::1 at 2016-10-21 15:10:11 -0600
Processing by HomeController#index as HTML
  Rendering home/index.html.erb within layouts/application
  Rendered home/index.html.erb within layouts/application (1.3ms)
Completed 200 OK in 118ms (Views: 116.5ms | ActiveRecord: 0.0ms)


Started GET "/" for ::1 at 2016-10-21 15:10:21 -0600
Processing by HomeController#index as HTML
  Rendering home/index.html.erb within layouts/application
  Rendered home/index.html.erb within layouts/application (0.3ms)
Completed 200 OK in 68ms (Views: 67.2ms | ActiveRecord: 0.0ms)


Started GET "/" for ::1 at 2016-10-21 15:10:53 -0600
Processing by HomeController#index as HTML
  Rendering home/index.html.erb within layouts/application
  Rendered home/index.html.erb within layouts/application (0.3ms)
Completed 200 OK in 70ms (Views: 68.4ms | ActiveRecord: 0.0ms)


